SF:lib/flutter_app_shortcut.dart
DA:31,1
DA:32,2
DA:33,1
DA:35,2
DA:36,2
DA:43,1
DA:44,1
DA:45,1
DA:46,2
DA:47,3
DA:49,1
DA:52,1
DA:54,1
DA:55,1
DA:58,1
DA:60,1
DA:63,1
DA:65,1
DA:66,1
DA:69,1
DA:72,1
DA:74,1
DA:75,5
DA:76,1
DA:79,1
DA:81,1
DA:82,3
DA:83,1
LF:28
LH:28
end_of_record
SF:lib/short_cut_arg.dart
DA:23,2
DA:29,4
DA:30,4
DA:32,1
DA:39,1
DA:40,1
DA:41,1
DA:42,0
DA:43,0
DA:44,0
DA:47,2
DA:48,2
DA:49,2
DA:50,2
DA:51,2
DA:52,2
DA:53,4
DA:57,2
DA:58,2
DA:59,2
DA:60,2
DA:62,6
DA:63,4
DA:64,0
DA:66,4
DA:67,4
DA:72,1
DA:74,3
DA:75,1
DA:76,3
DA:89,2
DA:91,1
DA:95,1
DA:96,0
DA:97,0
DA:100,1
DA:101,1
DA:102,1
DA:103,1
DA:107,1
DA:108,1
DA:109,3
DA:110,3
DA:119,4
DA:121,1
DA:124,1
DA:125,0
DA:128,2
DA:129,2
DA:130,2
DA:134,2
DA:135,2
DA:136,6
DA:145,2
LF:54
LH:47
end_of_record
